Started by user [8mha:////4AEwgb1tHlKD3nCyWVj6HjjU9pFR7MYSYESRKex3GvGsAAAAkx+LCAAAAAAAAP9b85aBtbiIQTGjNKU4P08vOT+vOD8nVc83PyU1x6OyILUoJzMv2y+/JJUBAhiZGBgqihhk0NSjKDWzXb3RdlLBUSYGJk8GtpzUvPSSDB8G5tKinBIGIZ+sxLJE/ZzEvHT94JKizLx0a6BxUmjGOUNodHsLgAyWEgYu/dLi1CIwAQDYegtJvwAAAA==[0muser
Running as SYSTEM
Building in workspace /bitnami/jenkins/home/workspace/CICD_pipeline
The recommended git tool is: NONE
No credentials specified
 > git rev-parse --resolve-git-dir /bitnami/jenkins/home/workspace/CICD_pipeline/.git # timeout=10
Fetching changes from the remote Git repository
 > git config remote.origin.url https://github.com/SpikeStriker/lecture_ci.git # timeout=10
Fetching upstream changes from https://github.com/SpikeStriker/lecture_ci.git
 > git --version # timeout=10
 > git --version # 'git version 2.39.2'
 > git fetch --tags --force --progress -- https://github.com/SpikeStriker/lecture_ci.git +refs/heads/*:refs/remotes/origin/* # timeout=10
 > git rev-parse refs/remotes/origin/master^{commit} # timeout=10
Checking out Revision e13a0d1e0b27344cab54c95f93a257c9448240ce (refs/remotes/origin/master)
 > git config core.sparsecheckout # timeout=10
 > git checkout -f e13a0d1e0b27344cab54c95f93a257c9448240ce # timeout=10
Commit message: "try different version of pitest and junit5 6"
 > git rev-list --no-walk 352c8b0d9cb79321acff692313f1608f591a3d43 # timeout=10
[CICD_pipeline] $ /opt/apache-maven-3.8.8/bin/mvn clean clover:setup test clover:aggregate clover:clover
[INFO] Scanning for projects...
[8mha:////4BnE4xIbJboZsKDLBZVSefFRUl3okm6/QxB0nUCn91G7AAAAYh+LCAAAAAAAAP9b85aBtbiIQSWjNKU4P0+vJLE4u1gvPjexLDVPzxdEhicW5WXmpfvll6SeOJwgmrt9CSsTA0NFEYMUVEtyfl5xfk6qnjOEBilkgABGkMICAEQzmI1iAAAA[0m[WARNING] The project joda-time:joda-time:jar:2.9.9 uses prerequisites which is only intended for maven-plugin projects but not for non maven-plugin projects. For such purposes you should use the maven-enforcer-plugin. See https://maven.apache.org/enforcer/enforcer-rules/requireMavenVersion.html
[INFO] 
[INFO] ------------------------< joda-time:joda-time >-------------------------
[INFO] Building Joda-Time 2.9.9
[INFO]   from pom.xml
[INFO] --------------------------------[ jar ]---------------------------------
[INFO] 
[8mha:////4E8UYNYERfcF9TzgTqYKP7bRSZTSksSyuCkKhU0BYAvhAAAAYB+LCAAAAAAAAP9b85aBtbiIQSmjNKU4P0+vJLE4u1gvPjexLDVPzxdEGvvmZ+X75Zek2mxOX+vh68DGxMBQUcQgBdWQnJ9XnJ+TqucMoUEKGSCAEaSwAAAn9LoiYAAAAA==[0m[INFO] --- maven-clean-plugin:2.6.1:clean (default-clean) @ joda-time ---
[INFO] Deleting /bitnami/jenkins/home/workspace/CICD_pipeline/target
[INFO] 
[8mha:////4E8UYNYERfcF9TzgTqYKP7bRSZTSksSyuCkKhU0BYAvhAAAAYB+LCAAAAAAAAP9b85aBtbiIQSmjNKU4P0+vJLE4u1gvPjexLDVPzxdEGvvmZ+X75Zek2mxOX+vh68DGxMBQUcQgBdWQnJ9XnJ+TqucMoUEKGSCAEaSwAAAn9LoiYAAAAA==[0m[INFO] --- clover-maven-plugin:4.5.2:setup (default-cli) @ joda-time ---
[INFO] OpenClover Version 4.5.2, built on 2024-01-31
[INFO] Creating new database at '/bitnami/jenkins/home/workspace/CICD_pipeline/target/clover/clover.db'.
[INFO] Processing files at JAVA_17 source level.
[INFO] Clover all over. Instrumented 167 files (8 packages).
[INFO] OpenClover Version 4.5.2, built on 2024-01-31
[INFO] Updating existing database at '/bitnami/jenkins/home/workspace/CICD_pipeline/target/clover/clover.db'.
[INFO] Processing files at JAVA_17 source level.
[INFO] Clover all over. Instrumented 159 files (7 packages).
[INFO] 4220 test methods detected.
[INFO] 
[8mha:////4E8UYNYERfcF9TzgTqYKP7bRSZTSksSyuCkKhU0BYAvhAAAAYB+LCAAAAAAAAP9b85aBtbiIQSmjNKU4P0+vJLE4u1gvPjexLDVPzxdEGvvmZ+X75Zek2mxOX+vh68DGxMBQUcQgBdWQnJ9XnJ+TqucMoUEKGSCAEaSwAAAn9LoiYAAAAA==[0m[INFO] --- maven-resources-plugin:2.7:resources (default-resources) @ joda-time ---
[INFO] Using 'UTF-8' encoding to copy filtered resources.
[INFO] Copying 1 resource to META-INF
[INFO] Copying 16 resources
[INFO] Copying 1 resource
[INFO] 
[8mha:////4E8UYNYERfcF9TzgTqYKP7bRSZTSksSyuCkKhU0BYAvhAAAAYB+LCAAAAAAAAP9b85aBtbiIQSmjNKU4P0+vJLE4u1gvPjexLDVPzxdEGvvmZ+X75Zek2mxOX+vh68DGxMBQUcQgBdWQnJ9XnJ+TqucMoUEKGSCAEaSwAAAn9LoiYAAAAA==[0m[INFO] --- maven-compiler-plugin:3.3:compile (default-compile) @ joda-time ---
[INFO] Changes detected - recompiling the module!
[INFO] Compiling 167 source files to /bitnami/jenkins/home/workspace/CICD_pipeline/target/classes
[INFO] 
[8mha:////4E8UYNYERfcF9TzgTqYKP7bRSZTSksSyuCkKhU0BYAvhAAAAYB+LCAAAAAAAAP9b85aBtbiIQSmjNKU4P0+vJLE4u1gvPjexLDVPzxdEGvvmZ+X75Zek2mxOX+vh68DGxMBQUcQgBdWQnJ9XnJ+TqucMoUEKGSCAEaSwAAAn9LoiYAAAAA==[0m[INFO] --- exec-maven-plugin:1.4.0:java (compile-tzdb) @ joda-time ---
Writing zoneinfo files
Writing ZoneInfoMap
[INFO] 
[8mha:////4E8UYNYERfcF9TzgTqYKP7bRSZTSksSyuCkKhU0BYAvhAAAAYB+LCAAAAAAAAP9b85aBtbiIQSmjNKU4P0+vJLE4u1gvPjexLDVPzxdEGvvmZ+X75Zek2mxOX+vh68DGxMBQUcQgBdWQnJ9XnJ+TqucMoUEKGSCAEaSwAAAn9LoiYAAAAA==[0m[INFO] --- maven-resources-plugin:2.7:testResources (default-testResources) @ joda-time ---
[INFO] Using 'UTF-8' encoding to copy filtered resources.
[INFO] Copying 35 resources
[INFO] 
[8mha:////4E8UYNYERfcF9TzgTqYKP7bRSZTSksSyuCkKhU0BYAvhAAAAYB+LCAAAAAAAAP9b85aBtbiIQSmjNKU4P0+vJLE4u1gvPjexLDVPzxdEGvvmZ+X75Zek2mxOX+vh68DGxMBQUcQgBdWQnJ9XnJ+TqucMoUEKGSCAEaSwAAAn9LoiYAAAAA==[0m[INFO] --- maven-compiler-plugin:3.3:testCompile (default-testCompile) @ joda-time ---
[INFO] Changes detected - recompiling the module!
[INFO] Compiling 159 source files to /bitnami/jenkins/home/workspace/CICD_pipeline/target/test-classes
[INFO] 
[8mha:////4E8UYNYERfcF9TzgTqYKP7bRSZTSksSyuCkKhU0BYAvhAAAAYB+LCAAAAAAAAP9b85aBtbiIQSmjNKU4P0+vJLE4u1gvPjexLDVPzxdEGvvmZ+X75Zek2mxOX+vh68DGxMBQUcQgBdWQnJ9XnJ+TqucMoUEKGSCAEaSwAAAn9LoiYAAAAA==[0m[INFO] --- maven-surefire-plugin:2.18.1:test (default-test) @ joda-time ---
[INFO] Surefire report directory: /bitnami/jenkins/home/workspace/CICD_pipeline/target/surefire-reports

-------------------------------------------------------
 T E S T S
-------------------------------------------------------
Running org.joda.time.TestAllPackages
WARNING: A terminally deprecated method in java.lang.System has been called
WARNING: System::setSecurityManager has been called by org.joda.time.TestDateTimeZone (file:/bitnami/jenkins/home/workspace/CICD_pipeline/target/test-classes/)
WARNING: Please consider reporting this to the maintainers of org.joda.time.TestDateTimeZone
WARNING: System::setSecurityManager will be removed in a future release

TestBuddhistChronology.testCalendar

TestCopticChronology.testCalendar

TestEthiopicChronology.testCalendar

TestIslamicChronology.testCalendar

Testing Gregorian chronology over 1000 iterations
100% complete (i=1000)

Testing Julian chronology over 1000 iterations
100% complete (i=1000)
Writing zoneinfo files
Writing ZoneInfoMap
Tests run: 4212, Failures: 0, Errors: 0, Skipped: 0, Time elapsed: 69.652 sec - in org.joda.time.TestAllPackages

Results :

Tests run: 4212, Failures: 0, Errors: 0, Skipped: 0

[INFO] 
[INFO] ------------------------< joda-time:joda-time >-------------------------
[INFO] Building Joda-Time 2.9.9
[INFO]   from pom.xml
[INFO] --------------------------------[ jar ]---------------------------------
[INFO] 
[8mha:////4E8UYNYERfcF9TzgTqYKP7bRSZTSksSyuCkKhU0BYAvhAAAAYB+LCAAAAAAAAP9b85aBtbiIQSmjNKU4P0+vJLE4u1gvPjexLDVPzxdEGvvmZ+X75Zek2mxOX+vh68DGxMBQUcQgBdWQnJ9XnJ+TqucMoUEKGSCAEaSwAAAn9LoiYAAAAA==[0m[INFO] --- clover-maven-plugin:4.5.2:aggregate (default-cli) @ joda-time ---
[INFO] 
[INFO] ------------------------< joda-time:joda-time >-------------------------
[INFO] Building Joda-Time 2.9.9
[INFO]   from pom.xml
[INFO] --------------------------------[ jar ]---------------------------------
[INFO] 
[8mha:////4E8UYNYERfcF9TzgTqYKP7bRSZTSksSyuCkKhU0BYAvhAAAAYB+LCAAAAAAAAP9b85aBtbiIQSmjNKU4P0+vJLE4u1gvPjexLDVPzxdEGvvmZ+X75Zek2mxOX+vh68DGxMBQUcQgBdWQnJ9XnJ+TqucMoUEKGSCAEaSwAAAn9LoiYAAAAA==[0m[INFO] --- clover-maven-plugin:4.5.2:clover (default-cli) @ joda-time ---
[INFO] Using default-clover-report descriptor.
[INFO] Using Clover report descriptor: /tmp/mvn2109948662292013504resource
[INFO] OpenClover Version 4.5.2, built on 2024-01-31
[INFO] Clover is enabled with initstring '/bitnami/jenkins/home/workspace/CICD_pipeline/target/clover/clover.db'
[INFO] OpenClover Version 4.5.2, built on 2024-01-31
[INFO] Loading coverage database from: '/bitnami/jenkins/home/workspace/CICD_pipeline/target/clover/clover.db'
[INFO] Writing HTML report to '/bitnami/jenkins/home/workspace/CICD_pipeline/target/site/clover'
[8mha:////4OUj+466QHoq26fliJoYJ2OOQmng4ARKr0q0g1CwmltuAAAAYB+LCAAAAAAAAP9b85aBtbiIQSmjNKU4P0+vJLE4u1gvPjexLDVPzxdEuhYV5Rf55Zek1m9pfpLfVWLNxMBQUcQgBdWQnJ9XnJ+TqucMoUEKGSCAEaSwAABqVhoSYAAAAA==[0m[ERROR] Invalid Java source found or Clover failed to parse it: /bitnami/jenkins/home/workspace/CICD_pipeline/src/test/java/org/joda/time/TestPeriod_Constructors.java
[INFO] Done. Processed 9 packages in 60376ms (6708ms per package).
[INFO] OpenClover Version 4.5.2, built on 2024-01-31
[INFO] Clover is enabled with initstring '/bitnami/jenkins/home/workspace/CICD_pipeline/target/clover/clover.db'
[INFO] OpenClover Version 4.5.2, built on 2024-01-31
[INFO] Loading coverage database from: '/bitnami/jenkins/home/workspace/CICD_pipeline/target/clover/clover.db'
[INFO] Writing report to '/bitnami/jenkins/home/workspace/CICD_pipeline/target/site/clover/clover.xml'
[INFO] ------------------------------------------------------------------------
[INFO] BUILD SUCCESS
[INFO] ------------------------------------------------------------------------
[INFO] Total time:  10:53 min
[INFO] Finished at: 2024-07-25T21:53:19Z
[INFO] ------------------------------------------------------------------------
[CICD_pipeline] $ /opt/apache-maven-3.8.8/bin/mvn test-compile org.pitest:pitest-maven:mutationCoverage
[INFO] Scanning for projects...
[8mha:////4BnE4xIbJboZsKDLBZVSefFRUl3okm6/QxB0nUCn91G7AAAAYh+LCAAAAAAAAP9b85aBtbiIQSWjNKU4P0+vJLE4u1gvPjexLDVPzxdEhicW5WXmpfvll6SeOJwgmrt9CSsTA0NFEYMUVEtyfl5xfk6qnjOEBilkgABGkMICAEQzmI1iAAAA[0m[WARNING] The project joda-time:joda-time:jar:2.9.9 uses prerequisites which is only intended for maven-plugin projects but not for non maven-plugin projects. For such purposes you should use the maven-enforcer-plugin. See https://maven.apache.org/enforcer/enforcer-rules/requireMavenVersion.html
Downloading from central: https://repo.maven.apache.org/maven2/org/pitest/pitest-maven/1.7.3/pitest-maven-1.7.3.pom
Progress (1): 2.8/6.3 kBProgress (1): 5.5/6.3 kBProgress (1): 6.3 kB                        Downloaded from central: https://repo.maven.apache.org/maven2/org/pitest/pitest-maven/1.7.3/pitest-maven-1.7.3.pom (6.3 kB at 11 kB/s)
Downloading from central: https://repo.maven.apache.org/maven2/org/pitest/pitest-parent/1.7.3/pitest-parent-1.7.3.pom
Progress (1): 2.8/14 kBProgress (1): 5.5/14 kBProgress (1): 8.3/14 kBProgress (1): 11/14 kB Progress (1): 14/14 kBProgress (1): 14 kB                      Downloaded from central: https://repo.maven.apache.org/maven2/org/pitest/pitest-parent/1.7.3/pitest-parent-1.7.3.pom (14 kB at 55 kB/s)
Downloading from central: https://repo.maven.apache.org/maven2/org/pitest/pitest-maven/1.7.3/pitest-maven-1.7.3.jar
Progress (1): 4.1/75 kBProgress (1): 8.2/75 kBProgress (1): 12/75 kB Progress (1): 16/75 kBProgress (1): 20/75 kBProgress (1): 25/75 kBProgress (1): 29/75 kBProgress (1): 33/75 kBProgress (1): 37/75 kBProgress (1): 41/75 kBProgress (1): 45/75 kBProgress (1): 49/75 kBProgress (1): 53/75 kBProgress (1): 57/75 kBProgress (1): 61/75 kBProgress (1): 66/75 kBProgress (1): 70/75 kBProgress (1): 74/75 kBProgress (1): 75 kB                      Downloaded from central: https://repo.maven.apache.org/maven2/org/pitest/pitest-maven/1.7.3/pitest-maven-1.7.3.jar (75 kB at 402 kB/s)
[INFO] 
[INFO] ------------------------< joda-time:joda-time >-------------------------
[INFO] Building Joda-Time 2.9.9
[INFO]   from pom.xml
[INFO] --------------------------------[ jar ]---------------------------------
[INFO] 
[8mha:////4E8UYNYERfcF9TzgTqYKP7bRSZTSksSyuCkKhU0BYAvhAAAAYB+LCAAAAAAAAP9b85aBtbiIQSmjNKU4P0+vJLE4u1gvPjexLDVPzxdEGvvmZ+X75Zek2mxOX+vh68DGxMBQUcQgBdWQnJ9XnJ+TqucMoUEKGSCAEaSwAAAn9LoiYAAAAA==[0m[INFO] --- maven-resources-plugin:2.7:resources (default-resources) @ joda-time ---
[INFO] Using 'UTF-8' encoding to copy filtered resources.
[INFO] Copying 1 resource to META-INF
[INFO] Copying 16 resources
[INFO] 
[8mha:////4E8UYNYERfcF9TzgTqYKP7bRSZTSksSyuCkKhU0BYAvhAAAAYB+LCAAAAAAAAP9b85aBtbiIQSmjNKU4P0+vJLE4u1gvPjexLDVPzxdEGvvmZ+X75Zek2mxOX+vh68DGxMBQUcQgBdWQnJ9XnJ+TqucMoUEKGSCAEaSwAAAn9LoiYAAAAA==[0m[INFO] --- maven-compiler-plugin:3.3:compile (default-compile) @ joda-time ---
[INFO] Changes detected - recompiling the module!
[INFO] Compiling 167 source files to /bitnami/jenkins/home/workspace/CICD_pipeline/target/classes
[INFO] 
[8mha:////4E8UYNYERfcF9TzgTqYKP7bRSZTSksSyuCkKhU0BYAvhAAAAYB+LCAAAAAAAAP9b85aBtbiIQSmjNKU4P0+vJLE4u1gvPjexLDVPzxdEGvvmZ+X75Zek2mxOX+vh68DGxMBQUcQgBdWQnJ9XnJ+TqucMoUEKGSCAEaSwAAAn9LoiYAAAAA==[0m[INFO] --- exec-maven-plugin:1.4.0:java (compile-tzdb) @ joda-time ---
Writing zoneinfo files
Writing ZoneInfoMap
[INFO] 
[8mha:////4E8UYNYERfcF9TzgTqYKP7bRSZTSksSyuCkKhU0BYAvhAAAAYB+LCAAAAAAAAP9b85aBtbiIQSmjNKU4P0+vJLE4u1gvPjexLDVPzxdEGvvmZ+X75Zek2mxOX+vh68DGxMBQUcQgBdWQnJ9XnJ+TqucMoUEKGSCAEaSwAAAn9LoiYAAAAA==[0m[INFO] --- maven-resources-plugin:2.7:testResources (default-testResources) @ joda-time ---
[INFO] Using 'UTF-8' encoding to copy filtered resources.
[INFO] Copying 35 resources
[INFO] 
[8mha:////4E8UYNYERfcF9TzgTqYKP7bRSZTSksSyuCkKhU0BYAvhAAAAYB+LCAAAAAAAAP9b85aBtbiIQSmjNKU4P0+vJLE4u1gvPjexLDVPzxdEGvvmZ+X75Zek2mxOX+vh68DGxMBQUcQgBdWQnJ9XnJ+TqucMoUEKGSCAEaSwAAAn9LoiYAAAAA==[0m[INFO] --- maven-compiler-plugin:3.3:testCompile (default-testCompile) @ joda-time ---
[INFO] Changes detected - recompiling the module!
[INFO] Compiling 159 source files to /bitnami/jenkins/home/workspace/CICD_pipeline/target/test-classes
[INFO] 
[INFO] --- pitest-maven:1.7.3:mutationCoverage (default-cli) @ joda-time ---
Downloading from central: https://repo.maven.apache.org/maven2/org/pitest/pitest-entry/1.7.3/pitest-entry-1.7.3.pom
Progress (1): 4.1/7.3 kBProgress (1): 7.3 kB                        Downloaded from central: https://repo.maven.apache.org/maven2/org/pitest/pitest-entry/1.7.3/pitest-entry-1.7.3.pom (7.3 kB at 28 kB/s)
Downloading from central: https://repo.maven.apache.org/maven2/org/pitest/pitest/1.7.3/pitest-1.7.3.pom
Progress (1): 4.1/8.5 kBProgress (1): 8.2/8.5 kBProgress (1): 8.5 kB                        Downloaded from central: https://repo.maven.apache.org/maven2/org/pitest/pitest/1.7.3/pitest-1.7.3.pom (8.5 kB at 59 kB/s)
Downloading from central: https://repo.maven.apache.org/maven2/org/pitest/pitest-html-report/1.7.3/pitest-html-report-1.7.3.pom
Progress (1): 4.1/4.8 kBProgress (1): 4.8 kB                        Downloaded from central: https://repo.maven.apache.org/maven2/org/pitest/pitest-html-report/1.7.3/pitest-html-report-1.7.3.pom (4.8 kB at 18 kB/s)
Downloading from central: https://repo.maven.apache.org/maven2/org/pitest/pitest-aggregator/1.7.3/pitest-aggregator-1.7.3.pom
Progress (1): 1.7 kB                    Downloaded from central: https://repo.maven.apache.org/maven2/org/pitest/pitest-aggregator/1.7.3/pitest-aggregator-1.7.3.pom (1.7 kB at 6.8 kB/s)
Downloading from central: https://repo.maven.apache.org/maven2/org/pitest/pitest-entry/1.7.3/pitest-entry-1.7.3.jar
Downloading from central: https://repo.maven.apache.org/maven2/org/pitest/pitest/1.7.3/pitest-1.7.3.jar
Downloading from central: https://repo.maven.apache.org/maven2/org/pitest/pitest-html-report/1.7.3/pitest-html-report-1.7.3.jar
Downloading from central: https://repo.maven.apache.org/maven2/org/pitest/pitest-aggregator/1.7.3/pitest-aggregator-1.7.3.jar
Progress (1): 4.1/18 kBProgress (1): 7.5/18 kBProgress (1): 12/18 kB Progress (1): 16/18 kBProgress (1): 18 kB   Progress (2): 18 kB | 2.8/645 kBProgress (3): 18 kB | 2.8/645 kB | 4.1/724 kBProgress (3): 18 kB | 5.5/645 kB | 4.1/724 kBProgress (3): 18 kB | 8.3/645 kB | 4.1/724 kBProgress (3): 18 kB | 8.3/645 kB | 8.2/724 kBProgress (4): 18 kB | 8.3/645 kB | 8.2/724 kB | 2.8/656 kBProgress (4): 18 kB | 11/645 kB | 8.2/724 kB | 2.8/656 kB                                                          Downloaded from central: https://repo.maven.apache.org/maven2/org/pitest/pitest-aggregator/1.7.3/pitest-aggregator-1.7.3.jar (18 kB at 103 kB/s)
Progress (3): 11/645 kB | 12/724 kB | 2.8/656 kBProgress (3): 11/645 kB | 12/724 kB | 5.5/656 kBProgress (3): 14/645 kB | 12/724 kB | 5.5/656 kBProgress (3): 14/645 kB | 12/724 kB | 8.3/656 kBProgress (3): 14/645 kB | 16/724 kB | 8.3/656 kBProgress (3): 16/645 kB | 16/724 kB | 8.3/656 kBProgress (3): 16/645 kB | 16/724 kB | 11/656 kB Progress (3): 16/645 kB | 20/724 kB | 11/656 kBProgress (3): 20/645 kB | 20/724 kB | 11/656 kBProgress (3): 20/645 kB | 25/724 kB | 11/656 kBProgress (3): 20/645 kB | 25/724 kB | 14/656 kBProgress (3): 20/645 kB | 29/724 kB | 14/656 kBProgress (3): 25/645 kB | 29/724 kB | 14/656 kBProgress (3): 25/645 kB | 33/724 kB | 14/656 kBProgress (3): 29/645 kB | 33/724 kB | 14/656 kBProgress (3): 29/645 kB | 33/724 kB | 16/656 kBProgress (3): 33/645 kB | 33/724 kB | 16/656 kBProgress (3): 33/645 kB | 33/724 kB | 20/656 kBProgress (3): 33/645 kB | 33/724 kB | 25/656 kBProgress (3): 33/645 kB | 37/724 kB | 25/656 kBProgress (3): 33/645 kB | 37/724 kB | 29/656 kBProgress (3): 37/645 kB | 37/724 kB | 29/656 kBProgress (3): 37/645 kB | 37/724 kB | 33/656 kBProgress (3): 37/645 kB | 41/724 kB | 33/656 kBProgress (3): 41/645 kB | 41/724 kB | 33/656 kBProgress (3): 41/645 kB | 41/724 kB | 37/656 kBProgress (3): 41/645 kB | 45/724 kB | 37/656 kBProgress (3): 45/645 kB | 45/724 kB | 37/656 kBProgress (3): 45/645 kB | 49/724 kB | 37/656 kBProgress (3): 45/645 kB | 49/724 kB | 41/656 kBProgress (3): 49/645 kB | 49/724 kB | 41/656 kBProgress (3): 49/645 kB | 49/724 kB | 45/656 kBProgress (3): 49/645 kB | 53/724 kB | 45/656 kBProgress (3): 49/645 kB | 53/724 kB | 49/656 kBProgress (3): 49/645 kB | 57/724 kB | 49/656 kBProgress (3): 53/645 kB | 57/724 kB | 49/656 kBProgress (3): 53/645 kB | 57/724 kB | 53/656 kBProgress (3): 53/645 kB | 61/724 kB | 53/656 kBProgress (3): 57/645 kB | 61/724 kB | 53/656 kBProgress (3): 57/645 kB | 61/724 kB | 57/656 kBProgress (3): 61/645 kB | 61/724 kB | 57/656 kBProgress (3): 61/645 kB | 66/724 kB | 57/656 kBProgress (3): 66/645 kB | 66/724 kB | 57/656 kBProgress (3): 66/645 kB | 66/724 kB | 61/656 kBProgress (3): 66/645 kB | 66/724 kB | 66/656 kBProgress (3): 66/645 kB | 70/724 kB | 66/656 kBProgress (3): 70/645 kB | 70/724 kB | 66/656 kBProgress (3): 70/645 kB | 74/724 kB | 66/656 kBProgress (3): 70/645 kB | 74/724 kB | 70/656 kBProgress (3): 70/645 kB | 78/724 kB | 70/656 kBProgress (3): 74/645 kB | 78/724 kB | 70/656 kBProgress (3): 74/645 kB | 82/724 kB | 70/656 kBProgress (3): 74/645 kB | 82/724 kB | 74/656 kBProgress (3): 78/645 kB | 82/724 kB | 74/656 kBProgress (3): 78/645 kB | 82/724 kB | 78/656 kBProgress (3): 82/645 kB | 82/724 kB | 78/656 kBProgress (3): 82/645 kB | 86/724 kB | 78/656 kBProgress (3): 82/645 kB | 86/724 kB | 82/656 kBProgress (3): 82/645 kB | 90/724 kB | 82/656 kBProgress (3): 82/645 kB | 94/724 kB | 82/656 kBProgress (3): 82/645 kB | 94/724 kB | 86/656 kBProgress (3): 86/645 kB | 94/724 kB | 86/656 kBProgress (3): 86/645 kB | 98/724 kB | 86/656 kBProgress (3): 90/645 kB | 98/724 kB | 86/656 kBProgress (3): 90/645 kB | 98/724 kB | 90/656 kBProgress (3): 90/645 kB | 102/724 kB | 90/656 kBProgress (3): 94/645 kB | 102/724 kB | 90/656 kBProgress (3): 94/645 kB | 106/724 kB | 90/656 kBProgress (3): 94/645 kB | 106/724 kB | 94/656 kBProgress (3): 98/645 kB | 106/724 kB | 94/656 kBProgress (3): 98/645 kB | 106/724 kB | 98/656 kBProgress (3): 98/645 kB | 111/724 kB | 98/656 kBProgress (3): 98/645 kB | 111/724 kB | 102/656 kBProgress (3): 102/645 kB | 111/724 kB | 102/656 kBProgress (3): 102/645 kB | 111/724 kB | 106/656 kBProgress (3): 102/645 kB | 115/724 kB | 106/656 kBProgress (3): 106/645 kB | 115/724 kB | 106/656 kBProgress (3): 106/645 kB | 115/724 kB | 111/656 kBProgress (3): 111/645 kB | 115/724 kB | 111/656 kBProgress (3): 111/645 kB | 115/724 kB | 115/656 kBProgress (3): 115/645 kB | 115/724 kB | 115/656 kBProgress (3): 115/645 kB | 119/724 kB | 115/656 kBProgress (3): 115/645 kB | 123/724 kB | 115/656 kBProgress (3): 119/645 kB | 123/724 kB | 115/656 kBProgress (3): 119/645 kB | 123/724 kB | 119/656 kBProgress (3): 123/645 kB | 123/724 kB | 119/656 kBProgress (3): 123/645 kB | 127/724 kB | 119/656 kBProgress (3): 125/645 kB | 127/724 kB | 119/656 kBProgress (3): 125/645 kB | 131/724 kB | 119/656 kBProgress (3): 125/645 kB | 131/724 kB | 123/656 kBProgress (3): 129/645 kB | 131/724 kB | 123/656 kBProgress (3): 129/645 kB | 131/724 kB | 127/656 kBProgress (3): 133/645 kB | 131/724 kB | 127/656 kBProgress (3): 133/645 kB | 131/724 kB | 131/656 kBProgress (3): 133/645 kB | 135/724 kB | 131/656 kBProgress (3): 138/645 kB | 135/724 kB | 131/656 kBProgress (3): 138/645 kB | 135/724 kB | 135/656 kBProgress (3): 142/645 kB | 135/724 kB | 135/656 kBProgress (3): 142/645 kB | 135/724 kB | 139/656 kBProgress (3): 142/645 kB | 139/724 kB | 139/656 kBProgress (3): 142/645 kB | 139/724 kB | 143/656 kBProgress (3): 142/645 kB | 143/724 kB | 143/656 kBProgress (3): 146/645 kB | 143/724 kB | 143/656 kBProgress (3): 146/645 kB | 147/724 kB | 143/656 kBProgress (3): 146/645 kB | 147/724 kB | 147/656 kBProgress (3): 150/645 kB | 147/724 kB | 147/656 kBProgress (3): 150/645 kB | 152/724 kB | 147/656 kBProgress (3): 154/645 kB | 152/724 kB | 147/656 kBProgress (3): 154/645 kB | 152/724 kB | 152/656 kBProgress (3): 158/645 kB | 152/724 kB | 152/656 kBProgress (3): 158/645 kB | 156/724 kB | 152/656 kBProgress (3): 158/645 kB | 156/724 kB | 156/656 kBProgress (3): 158/645 kB | 160/724 kB | 156/656 kBProgress (3): 158/645 kB | 160/724 kB | 160/656 kBProgress (3): 162/645 kB | 160/724 kB | 160/656 kBProgress (3): 162/645 kB | 164/724 kB | 160/656 kBProgress (3): 166/645 kB | 164/724 kB | 160/656 kBProgress (3): 166/645 kB | 164/724 kB | 164/656 kBProgress (3): 170/645 kB | 164/724 kB | 164/656 kBProgress (3): 170/645 kB | 164/724 kB | 168/656 kBProgress (3): 170/645 kB | 168/724 kB | 168/656 kBProgress (3): 174/645 kB | 168/724 kB | 168/656 kBProgress (3): 174/645 kB | 172/724 kB | 168/656 kBProgress (3): 174/645 kB | 172/724 kB | 172/656 kBProgress (3): 174/645 kB | 176/724 kB | 172/656 kBProgress (3): 179/645 kB | 176/724 kB | 172/656 kBProgress (3): 179/645 kB | 176/724 kB | 176/656 kBProgress (3): 183/645 kB | 176/724 kB | 176/656 kBProgress (3): 183/645 kB | 180/724 kB | 176/656 kBProgress (3): 187/645 kB | 180/724 kB | 176/656 kBProgress (3): 187/645 kB | 180/724 kB | 180/656 kBProgress (3): 187/645 kB | 184/724 kB | 180/656 kBProgress (3): 191/645 kB | 184/724 kB | 180/656 kBProgress (3): 191/645 kB | 184/724 kB | 184/656 kBProgress (3): 191/645 kB | 188/724 kB | 184/656 kBProgress (3): 191/645 kB | 188/724 kB | 188/656 kBProgress (3): 191/645 kB | 193/724 kB | 188/656 kBProgress (3): 195/645 kB | 193/724 kB | 188/656 kBProgress (3): 195/645 kB | 193/724 kB | 193/656 kBProgress (3): 195/645 kB | 197/724 kB | 193/656 kBProgress (3): 195/645 kB | 197/724 kB | 197/656 kBProgress (3): 199/645 kB | 197/724 kB | 197/656 kBProgress (3): 203/645 kB | 197/724 kB | 197/656 kBProgress (3): 203/645 kB | 201/724 kB | 197/656 kBProgress (3): 203/645 kB | 201/724 kB | 201/656 kBProgress (3): 207/645 kB | 201/724 kB | 201/656 kBProgress (3): 207/645 kB | 201/724 kB | 205/656 kBProgress (3): 211/645 kB | 201/724 kB | 205/656 kBProgress (3): 211/645 kB | 201/724 kB | 209/656 kBProgress (3): 211/645 kB | 201/724 kB | 213/656 kBProgress (3): 211/645 kB | 205/724 kB | 213/656 kBProgress (3): 215/645 kB | 205/724 kB | 213/656 kBProgress (3): 215/645 kB | 209/724 kB | 213/656 kBProgress (3): 219/645 kB | 209/724 kB | 213/656 kBProgress (3): 219/645 kB | 209/724 kB | 217/656 kBProgress (3): 219/645 kB | 209/724 kB | 221/656 kBProgress (3): 219/645 kB | 213/724 kB | 221/656 kBProgress (3): 224/645 kB | 213/724 kB | 221/656 kBProgress (3): 224/645 kB | 213/724 kB | 225/656 kBProgress (3): 224/645 kB | 217/724 kB | 225/656 kBProgress (3): 224/645 kB | 217/724 kB | 229/656 kBProgress (3): 228/645 kB | 217/724 kB | 229/656 kBProgress (3): 228/645 kB | 221/724 kB | 229/656 kBProgress (3): 232/645 kB | 221/724 kB | 229/656 kBProgress (3): 232/645 kB | 225/724 kB | 229/656 kBProgress (3): 236/645 kB | 225/724 kB | 229/656 kBProgress (3): 236/645 kB | 225/724 kB | 233/656 kBProgress (3): 236/645 kB | 229/724 kB | 233/656 kBProgress (3): 240/645 kB | 229/724 kB | 233/656 kBProgress (3): 240/645 kB | 229/724 kB | 238/656 kBProgress (3): 240/645 kB | 233/724 kB | 238/656 kBProgress (3): 244/645 kB | 233/724 kB | 238/656 kBProgress (3): 248/645 kB | 233/724 kB | 238/656 kBProgress (3): 248/645 kB | 238/724 kB | 238/656 kBProgress (3): 248/645 kB | 238/724 kB | 242/656 kBProgress (3): 248/645 kB | 242/724 kB | 242/656 kBProgress (3): 252/645 kB | 242/724 kB | 242/656 kBProgress (3): 252/645 kB | 242/724 kB | 246/656 kBProgress (3): 252/645 kB | 246/724 kB | 246/656 kBProgress (3): 256/645 kB | 246/724 kB | 246/656 kBProgress (3): 256/645 kB | 250/724 kB | 246/656 kBProgress (3): 260/645 kB | 250/724 kB | 246/656 kBProgress (3): 260/645 kB | 250/724 kB | 250/656 kBProgress (3): 265/645 kB | 250/724 kB | 250/656 kBProgress (3): 265/645 kB | 250/724 kB | 254/656 kBProgress (3): 265/645 kB | 254/724 kB | 254/656 kBProgress (3): 269/645 kB | 254/724 kB | 254/656 kBProgress (3): 269/645 kB | 254/724 kB | 258/656 kBProgress (3): 273/645 kB | 254/724 kB | 258/656 kBProgress (3): 273/645 kB | 258/724 kB | 258/656 kBProgress (3): 277/645 kB | 258/724 kB | 258/656 kBProgress (3): 277/645 kB | 258/724 kB | 262/656 kBProgress (3): 277/645 kB | 262/724 kB | 262/656 kBProgress (3): 281/645 kB | 262/724 kB | 262/656 kBProgress (3): 281/645 kB | 262/724 kB | 266/656 kBProgress (3): 281/645 kB | 266/724 kB | 266/656 kBProgress (3): 281/645 kB | 266/724 kB | 270/656 kBProgress (3): 281/645 kB | 270/724 kB | 270/656 kBProgress (3): 285/645 kB | 270/724 kB | 270/656 kBProgress (3): 285/645 kB | 274/724 kB | 270/656 kBProgress (3): 285/645 kB | 274/724 kB | 274/656 kBProgress (3): 289/645 kB | 274/724 kB | 274/656 kBProgress (3): 289/645 kB | 274/724 kB | 279/656 kBProgress (3): 289/645 kB | 279/724 kB | 279/656 kBProgress (3): 293/645 kB | 279/724 kB | 279/656 kBProgress (3): 293/645 kB | 283/724 kB | 279/656 kBProgress (3): 293/645 kB | 287/724 kB | 279/656 kBProgress (3): 293/645 kB | 291/724 kB | 279/656 kBProgress (3): 293/645 kB | 295/724 kB | 279/656 kBProgress (3): 293/645 kB | 299/724 kB | 279/656 kBProgress (3): 293/645 kB | 303/724 kB | 279/656 kBProgress (3): 293/645 kB | 307/724 kB | 279/656 kBProgress (3): 293/645 kB | 311/724 kB | 279/656 kBProgress (3): 293/645 kB | 315/724 kB | 279/656 kBProgress (3): 293/645 kB | 319/724 kB | 279/656 kBProgress (3): 293/645 kB | 324/724 kB | 279/656 kBProgress (3): 293/645 kB | 328/724 kB | 279/656 kBProgress (3): 293/645 kB | 332/724 kB | 279/656 kBProgress (3): 293/645 kB | 336/724 kB | 279/656 kBProgress (3): 293/645 kB | 340/724 kB | 279/656 kBProgress (3): 293/645 kB | 340/724 kB | 283/656 kBProgress (3): 297/645 kB | 340/724 kB | 283/656 kBProgress (3): 297/645 kB | 344/724 kB | 283/656 kBProgress (3): 297/645 kB | 344/724 kB | 287/656 kBProgress (3): 301/645 kB | 344/724 kB | 287/656 kBProgress (3): 301/645 kB | 344/724 kB | 291/656 kBProgress (3): 305/645 kB | 344/724 kB | 291/656 kBProgress (3): 305/645 kB | 348/724 kB | 291/656 kBProgress (3): 305/645 kB | 348/724 kB | 295/656 kBProgress (3): 305/645 kB | 352/724 kB | 295/656 kBProgress (3): 305/645 kB | 352/724 kB | 299/656 kBProgress (3): 310/645 kB | 352/724 kB | 299/656 kBProgress (3): 310/645 kB | 356/724 kB | 299/656 kBProgress (3): 314/645 kB | 356/724 kB | 299/656 kBProgress (3): 314/645 kB | 356/724 kB | 303/656 kBProgress (3): 314/645 kB | 360/724 kB | 303/656 kBProgress (3): 314/645 kB | 365/724 kB | 303/656 kBProgress (3): 314/645 kB | 369/724 kB | 303/656 kBProgress (3): 318/645 kB | 369/724 kB | 303/656 kBProgress (3): 318/645 kB | 373/724 kB | 303/656 kBProgress (3): 322/645 kB | 373/724 kB | 303/656 kBProgress (3): 322/645 kB | 377/724 kB | 303/656 kBProgress (3): 322/645 kB | 377/724 kB | 307/656 kBProgress (3): 322/645 kB | 377/724 kB | 311/656 kBProgress (3): 326/645 kB | 377/724 kB | 311/656 kBProgress (3): 326/645 kB | 377/724 kB | 315/656 kBProgress (3): 326/645 kB | 381/724 kB | 315/656 kBProgress (3): 326/645 kB | 385/724 kB | 315/656 kBProgress (3): 330/645 kB | 385/724 kB | 315/656 kBProgress (3): 330/645 kB | 385/724 kB | 319/656 kBProgress (3): 330/645 kB | 389/724 kB | 319/656 kBProgress (3): 330/645 kB | 389/724 kB | 324/656 kBProgress (3): 334/645 kB | 389/724 kB | 324/656 kBProgress (3): 334/645 kB | 393/724 kB | 324/656 kBProgress (3): 334/645 kB | 393/724 kB | 328/656 kBProgress (3): 338/645 kB | 393/724 kB | 328/656 kBProgress (3): 338/645 kB | 397/724 kB | 328/656 kBProgress (3): 338/645 kB | 397/724 kB | 332/656 kBProgress (3): 338/645 kB | 401/724 kB | 332/656 kBProgress (3): 338/645 kB | 401/724 kB | 336/656 kBProgress (3): 342/645 kB | 401/724 kB | 336/656 kBProgress (3): 342/645 kB | 406/724 kB | 336/656 kBProgress (3): 342/645 kB | 406/724 kB | 340/656 kBProgress (3): 342/645 kB | 410/724 kB | 340/656 kBProgress (3): 346/645 kB | 410/724 kB | 340/656 kBProgress (3): 351/645 kB | 410/724 kB | 340/656 kBProgress (3): 351/645 kB | 410/724 kB | 344/656 kBProgress (3): 351/645 kB | 414/724 kB | 344/656 kBProgress (3): 355/645 kB | 414/724 kB | 344/656 kBProgress (3): 355/645 kB | 418/724 kB | 344/656 kBProgress (3): 359/645 kB | 418/724 kB | 344/656 kBProgress (3): 359/645 kB | 418/724 kB | 348/656 kBProgress (3): 359/645 kB | 422/724 kB | 348/656 kBProgress (3): 363/645 kB | 422/724 kB | 348/656 kBProgress (3): 363/645 kB | 426/724 kB | 348/656 kBProgress (3): 367/645 kB | 426/724 kB | 348/656 kBProgress (3): 367/645 kB | 426/724 kB | 352/656 kBProgress (3): 367/645 kB | 426/724 kB | 356/656 kBProgress (3): 371/645 kB | 426/724 kB | 356/656 kBProgress (3): 371/645 kB | 426/724 kB | 360/656 kBProgress (3): 371/645 kB | 426/724 kB | 365/656 kBProgress (3): 375/645 kB | 426/724 kB | 365/656 kBProgress (3): 375/645 kB | 426/724 kB | 369/656 kBProgress (3): 375/645 kB | 430/724 kB | 369/656 kBProgress (3): 379/645 kB | 430/724 kB | 369/656 kBProgress (3): 379/645 kB | 430/724 kB | 373/656 kBProgress (3): 379/645 kB | 434/724 kB | 373/656 kBProgress (3): 379/645 kB | 438/724 kB | 373/656 kBProgress (3): 379/645 kB | 438/724 kB | 377/656 kBProgress (3): 383/645 kB | 438/724 kB | 377/656 kBProgress (3): 383/645 kB | 442/724 kB | 377/656 kBProgress (3): 387/645 kB | 442/724 kB | 377/656 kBProgress (3): 387/645 kB | 442/724 kB | 381/656 kBProgress (3): 387/645 kB | 446/724 kB | 381/656 kBProgress (3): 387/645 kB | 446/724 kB | 385/656 kBProgress (3): 387/645 kB | 446/724 kB | 389/656 kBProgress (3): 392/645 kB | 446/724 kB | 389/656 kBProgress (3): 392/645 kB | 446/724 kB | 393/656 kBProgress (3): 396/645 kB | 446/724 kB | 393/656 kBProgress (3): 400/645 kB | 446/724 kB | 393/656 kBProgress (3): 400/645 kB | 446/724 kB | 397/656 kBProgress (3): 404/645 kB | 446/724 kB | 397/656 kBProgress (3): 404/645 kB | 446/724 kB | 401/656 kBProgress (3): 404/645 kB | 446/724 kB | 406/656 kBProgress (3): 404/645 kB | 446/724 kB | 410/656 kBProgress (3): 408/645 kB | 446/724 kB | 410/656 kBProgress (3): 412/645 kB | 446/724 kB | 410/656 kBProgress (3): 412/645 kB | 451/724 kB | 410/656 kBProgress (3): 416/645 kB | 451/724 kB | 410/656 kBProgress (3): 416/645 kB | 455/724 kB | 410/656 kBProgress (3): 416/645 kB | 455/724 kB | 414/656 kBProgress (3): 416/645 kB | 459/724 kB | 414/656 kBProgress (3): 416/645 kB | 459/724 kB | 418/656 kBProgress (3): 416/645 kB | 459/724 kB | 422/656 kBProgress (3): 420/645 kB | 459/724 kB | 422/656 kBProgress (3): 420/645 kB | 463/724 kB | 422/656 kBProgress (3): 420/645 kB | 463/724 kB | 426/656 kBProgress (3): 420/645 kB | 467/724 kB | 426/656 kBProgress (3): 424/645 kB | 467/724 kB | 426/656 kBProgress (3): 424/645 kB | 467/724 kB | 430/656 kBProgress (3): 424/645 kB | 471/724 kB | 430/656 kBProgress (3): 428/645 kB | 471/724 kB | 430/656 kBProgress (3): 428/645 kB | 471/724 kB | 434/656 kBProgress (3): 428/645 kB | 475/724 kB | 434/656 kBProgress (3): 432/645 kB | 475/724 kB | 434/656 kBProgress (3): 432/645 kB | 475/724 kB | 438/656 kBProgress (3): 437/645 kB | 475/724 kB | 438/656 kBProgress (3): 437/645 kB | 475/724 kB | 442/656 kBProgress (3): 437/645 kB | 479/724 kB | 442/656 kBProgress (3): 441/645 kB | 479/724 kB | 442/656 kBProgress (3): 441/645 kB | 479/724 kB | 446/656 kBProgress (3): 441/645 kB | 483/724 kB | 446/656 kBProgress (3): 445/645 kB | 483/724 kB | 446/656 kBProgress (3): 445/645 kB | 483/724 kB | 451/656 kBProgress (3): 445/645 kB | 487/724 kB | 451/656 kBProgress (3): 449/645 kB | 487/724 kB | 451/656 kBProgress (3): 449/645 kB | 487/724 kB | 455/656 kBProgress (3): 449/645 kB | 492/724 kB | 455/656 kBProgress (3): 453/645 kB | 492/724 kB | 455/656 kBProgress (3): 453/645 kB | 492/724 kB | 459/656 kBProgress (3): 453/645 kB | 496/724 kB | 459/656 kBProgress (3): 457/645 kB | 496/724 kB | 459/656 kBProgress (3): 457/645 kB | 496/724 kB | 463/656 kBProgress (3): 457/645 kB | 500/724 kB | 463/656 kBProgress (3): 461/645 kB | 500/724 kB | 463/656 kBProgress (3): 461/645 kB | 500/724 kB | 467/656 kBProgress (3): 461/645 kB | 504/724 kB | 467/656 kBProgress (3): 461/645 kB | 504/724 kB | 471/656 kBProgress (3): 465/645 kB | 504/724 kB | 471/656 kBProgress (3): 465/645 kB | 508/724 kB | 471/656 kBProgress (3): 465/645 kB | 508/724 kB | 475/656 kBProgress (3): 469/645 kB | 508/724 kB | 475/656 kBProgress (3): 469/645 kB | 512/724 kB | 475/656 kBProgress (3): 469/645 kB | 512/724 kB | 479/656 kBProgress (3): 469/645 kB | 516/724 kB | 479/656 kBProgress (3): 473/645 kB | 516/724 kB | 479/656 kBProgress (3): 473/645 kB | 516/724 kB | 483/656 kBProgress (3): 473/645 kB | 520/724 kB | 483/656 kBProgress (3): 473/645 kB | 520/724 kB | 487/656 kBProgress (3): 473/645 kB | 524/724 kB | 487/656 kBProgress (3): 473/645 kB | 524/724 kB | 492/656 kBProgress (3): 477/645 kB | 524/724 kB | 492/656 kBProgress (3): 481/645 kB | 524/724 kB | 492/656 kBProgress (3): 481/645 kB | 528/724 kB | 492/656 kBProgress (3): 485/645 kB | 528/724 kB | 492/656 kBProgress (3): 489/645 kB | 528/724 kB | 492/656 kBProgress (3): 489/645 kB | 532/724 kB | 492/656 kBProgress (3): 489/645 kB | 537/724 kB | 492/656 kBProgress (3): 489/645 kB | 537/724 kB | 496/656 kBProgress (3): 489/645 kB | 541/724 kB | 496/656 kBProgress (3): 489/645 kB | 541/724 kB | 500/656 kBProgress (3): 493/645 kB | 541/724 kB | 500/656 kBProgress (3): 493/645 kB | 541/724 kB | 504/656 kBProgress (3): 497/645 kB | 541/724 kB | 504/656 kBProgress (3): 497/645 kB | 541/724 kB | 508/656 kBProgress (3): 497/645 kB | 545/724 kB | 508/656 kBProgress (3): 501/645 kB | 545/724 kB | 508/656 kBProgress (3): 501/645 kB | 549/724 kB | 508/656 kBProgress (3): 505/645 kB | 549/724 kB | 508/656 kBProgress (3): 505/645 kB | 553/724 kB | 508/656 kBProgress (3): 505/645 kB | 557/724 kB | 508/656 kBProgress (3): 505/645 kB | 557/724 kB | 512/656 kBProgress (3): 505/645 kB | 557/724 kB | 516/656 kBProgress (3): 509/645 kB | 557/724 kB | 516/656 kBProgress (3): 509/645 kB | 557/724 kB | 520/656 kBProgress (3): 514/645 kB | 557/724 kB | 520/656 kBProgress (3): 514/645 kB | 557/724 kB | 524/656 kBProgress (3): 514/645 kB | 561/724 kB | 524/656 kBProgress (3): 518/645 kB | 561/724 kB | 524/656 kBProgress (3): 518/645 kB | 565/724 kB | 524/656 kBProgress (3): 522/645 kB | 565/724 kB | 524/656 kBProgress (3): 522/645 kB | 569/724 kB | 524/656 kBProgress (3): 522/645 kB | 569/724 kB | 528/656 kBProgress (3): 522/645 kB | 573/724 kB | 528/656 kBProgress (3): 522/645 kB | 573/724 kB | 532/656 kBProgress (3): 522/645 kB | 573/724 kB | 537/656 kBProgress (3): 522/645 kB | 573/724 kB | 541/656 kBProgress (3): 526/645 kB | 573/724 kB | 541/656 kBProgress (3): 526/645 kB | 578/724 kB | 541/656 kBProgress (3): 530/645 kB | 578/724 kB | 541/656 kBProgress (3): 530/645 kB | 582/724 kB | 541/656 kBProgress (3): 534/645 kB | 582/724 kB | 541/656 kBProgress (3): 534/645 kB | 586/724 kB | 541/656 kBProgress (3): 538/645 kB | 586/724 kB | 541/656 kBProgress (3): 538/645 kB | 590/724 kB | 541/656 kBProgress (3): 538/645 kB | 590/724 kB | 545/656 kBProgress (3): 538/645 kB | 590/724 kB | 549/656 kBProgress (3): 538/645 kB | 590/724 kB | 553/656 kBProgress (3): 542/645 kB | 590/724 kB | 553/656 kBProgress (3): 542/645 kB | 590/724 kB | 557/656 kBProgress (3): 542/645 kB | 594/724 kB | 557/656 kBProgress (3): 546/645 kB | 594/724 kB | 557/656 kBProgress (3): 546/645 kB | 598/724 kB | 557/656 kBProgress (3): 550/645 kB | 598/724 kB | 557/656 kBProgress (3): 555/645 kB | 598/724 kB | 557/656 kBProgress (3): 555/645 kB | 602/724 kB | 557/656 kBProgress (3): 555/645 kB | 602/724 kB | 561/656 kBProgress (3): 555/645 kB | 606/724 kB | 561/656 kBProgress (3): 555/645 kB | 606/724 kB | 565/656 kBProgress (3): 555/645 kB | 606/724 kB | 569/656 kBProgress (3): 555/645 kB | 606/724 kB | 573/656 kBProgress (3): 559/645 kB | 606/724 kB | 573/656 kBProgress (3): 563/645 kB | 606/724 kB | 573/656 kBProgress (3): 563/645 kB | 610/724 kB | 573/656 kBProgress (3): 567/645 kB | 610/724 kB | 573/656 kBProgress (3): 567/645 kB | 614/724 kB | 573/656 kBProgress (3): 571/645 kB | 614/724 kB | 573/656 kBProgress (3): 571/645 kB | 614/724 kB | 578/656 kBProgress (3): 571/645 kB | 618/724 kB | 578/656 kBProgress (3): 571/645 kB | 618/724 kB | 582/656 kBProgress (3): 571/645 kB | 623/724 kB | 582/656 kBProgress (3): 571/645 kB | 623/724 kB | 586/656 kBProgress (3): 571/645 kB | 623/724 kB | 590/656 kBProgress (3): 575/645 kB | 623/724 kB | 590/656 kBProgress (3): 579/645 kB | 623/724 kB | 590/656 kBProgress (3): 583/645 kB | 623/724 kB | 590/656 kBProgress (3): 583/645 kB | 627/724 kB | 590/656 kBProgress (3): 587/645 kB | 627/724 kB | 590/656 kBProgress (3): 587/645 kB | 627/724 kB | 594/656 kBProgress (3): 587/645 kB | 631/724 kB | 594/656 kBProgress (3): 587/645 kB | 631/724 kB | 598/656 kBProgress (3): 587/645 kB | 635/724 kB | 598/656 kBProgress (3): 587/645 kB | 635/724 kB | 602/656 kBProgress (3): 587/645 kB | 639/724 kB | 602/656 kBProgress (3): 587/645 kB | 639/724 kB | 606/656 kBProgress (3): 591/645 kB | 639/724 kB | 606/656 kBProgress (3): 595/645 kB | 639/724 kB | 606/656 kBProgress (3): 600/645 kB | 639/724 kB | 606/656 kBProgress (3): 604/645 kB | 639/724 kB | 606/656 kBProgress (3): 604/645 kB | 639/724 kB | 610/656 kBProgress (3): 604/645 kB | 643/724 kB | 610/656 kBProgress (3): 604/645 kB | 643/724 kB | 614/656 kBProgress (3): 604/645 kB | 647/724 kB | 614/656 kBProgress (3): 604/645 kB | 647/724 kB | 618/656 kBProgress (3): 604/645 kB | 651/724 kB | 618/656 kBProgress (3): 604/645 kB | 651/724 kB | 623/656 kBProgress (3): 608/645 kB | 651/724 kB | 623/656 kBProgress (3): 608/645 kB | 655/724 kB | 623/656 kBProgress (3): 612/645 kB | 655/724 kB | 623/656 kBProgress (3): 616/645 kB | 655/724 kB | 623/656 kBProgress (3): 616/645 kB | 655/724 kB | 627/656 kBProgress (3): 620/645 kB | 655/724 kB | 627/656 kBProgress (3): 620/645 kB | 655/724 kB | 631/656 kBProgress (3): 620/645 kB | 659/724 kB | 631/656 kBProgress (3): 620/645 kB | 659/724 kB | 635/656 kBProgress (3): 620/645 kB | 664/724 kB | 635/656 kBProgress (3): 620/645 kB | 664/724 kB | 639/656 kBProgress (3): 620/645 kB | 668/724 kB | 639/656 kBProgress (3): 624/645 kB | 668/724 kB | 639/656 kBProgress (3): 624/645 kB | 672/724 kB | 639/656 kBProgress (3): 628/645 kB | 672/724 kB | 639/656 kBProgress (3): 632/645 kB | 672/724 kB | 639/656 kBProgress (3): 632/645 kB | 672/724 kB | 643/656 kBProgress (3): 636/645 kB | 672/724 kB | 643/656 kBProgress (3): 636/645 kB | 672/724 kB | 647/656 kBProgress (3): 636/645 kB | 676/724 kB | 647/656 kBProgress (3): 636/645 kB | 676/724 kB | 651/656 kBProgress (3): 636/645 kB | 680/724 kB | 651/656 kBProgress (3): 641/645 kB | 680/724 kB | 651/656 kBProgress (3): 641/645 kB | 680/724 kB | 655/656 kBProgress (3): 641/645 kB | 684/724 kB | 655/656 kBProgress (3): 645 kB | 684/724 kB | 655/656 kB    Progress (3): 645 kB | 688/724 kB | 655/656 kBProgress (3): 645 kB | 688/724 kB | 656 kB    Progress (3): 645 kB | 692/724 kB | 656 kBProgress (3): 645 kB | 696/724 kB | 656 kBProgress (3): 645 kB | 700/724 kB | 656 kBProgress (3): 645 kB | 705/724 kB | 656 kBProgress (3): 645 kB | 709/724 kB | 656 kBProgress (3): 645 kB | 713/724 kB | 656 kBProgress (3): 645 kB | 717/724 kB | 656 kBProgress (3): 645 kB | 721/724 kB | 656 kBProgress (3): 645 kB | 724 kB | 656 kB                                          Downloaded from central: https://repo.maven.apache.org/maven2/org/pitest/pitest-html-report/1.7.3/pitest-html-report-1.7.3.jar (656 kB at 1.2 MB/s)
Downloaded from central: https://repo.maven.apache.org/maven2/org/pitest/pitest-entry/1.7.3/pitest-entry-1.7.3.jar (645 kB at 1.2 MB/s)
Downloaded from central: https://repo.maven.apache.org/maven2/org/pitest/pitest/1.7.3/pitest-1.7.3.jar (724 kB at 1.4 MB/s)
[INFO] Found plugin : Default csv report plugin
[INFO] Found plugin : Default xml report plugin
[INFO] Found plugin : Default html report plugin
[INFO] Found plugin : Static initializer code detector plugin
[INFO] Found plugin : Excluded annotations plugin
[INFO] Found plugin : Try with resources filter
[INFO] Found plugin : Inlined finally block filter plugin
[INFO] Found plugin : Implicit null check filter
[INFO] Found plugin : Method reference null check filter
[INFO] Found plugin : For each loop filter
[INFO] Found plugin : Enum constructor filter
[INFO] Found plugin : Record junk mutation filter
[INFO] Found plugin : Logging calls filter
[INFO] Found plugin : Infinite for loop filter
[INFO] Found plugin : Long running iterator loop filter
[INFO] Found plugin : For loop counter filter
[INFO] Found plugin : Kotlin junk mutations filter
[INFO] Found plugin : Max mutations per class limit
[INFO] Found plugin : Equals shortcut equivalent mutant filter
[INFO] Found plugin : Trivial return vals equivalence filter
[INFO] Found plugin : Mutant export plugin
[INFO] Found shared classpath plugin : Default mutation engine
[INFO] Found shared classpath plugin : JUnit 5 test framework support
[INFO] Found shared classpath plugin : JUnit plugin
[INFO] Found shared classpath plugin : TestNG plugin
[INFO] Available mutators : EXPERIMENTAL_ARGUMENT_PROPAGATION,FALSE_RETURNS,TRUE_RETURNS,CONDITIONALS_BOUNDARY,CONSTRUCTOR_CALLS,EMPTY_RETURNS,INCREMENTS,INLINE_CONSTS,INVERT_NEGS,MATH,NEGATE_CONDITIONALS,NON_VOID_METHOD_CALLS,NULL_RETURNS,PRIMITIVE_RETURNS,REMOVE_CONDITIONALS_EQUAL_IF,REMOVE_CONDITIONALS_EQUAL_ELSE,REMOVE_CONDITIONALS_ORDER_IF,REMOVE_CONDITIONALS_ORDER_ELSE,RETURN_VALS,VOID_METHOD_CALLS,EXPERIMENTAL_BIG_INTEGER,EXPERIMENTAL_MEMBER_VARIABLE,EXPERIMENTAL_NAKED_RECEIVER,REMOVE_INCREMENTS,EXPERIMENTAL_RETURN_VALUES_MUTATOR,EXPERIMENTAL_SWITCH,EXPERIMENTAL_BIG_INTEGER,ABS,AOD1,AOD2,AOR1,AOR2,AOR3,AOR4,CRCR1,CRCR2,CRCR3,CRCR4,CRCR5,CRCR6,OBBN1,OBBN2,OBBN3,ROR1,ROR2,ROR3,ROR4,ROR5,UOI1,UOI2,UOI3,UOI4
[INFO] Adding org.pitest:pitest-junit5-plugin to SUT classpath
[INFO] Adding org.pitest:pitest to SUT classpath
[INFO] Mutating from /bitnami/jenkins/home/workspace/CICD_pipeline/target/classes
[INFO] Defaulting target classes to match packages in build directory
[INFO] Defaulting target tests to match packages in test build directory
9:57:10 PM PIT >> INFO : ---------------------------------------------------------------------------
9:57:10 PM PIT >> INFO : Enabled (+) and disabled (-) features.
9:57:10 PM PIT >> INFO : -----------------------------------------
9:57:10 PM PIT >> INFO : +FANN           Filters mutations in classes and methods with matching annotations of class or runtime retention
9:57:10 PM PIT >> INFO :   [annotation]    Annotation to avoid (full package name not required)
9:57:10 PM PIT >> INFO : +FENUM          Filters mutations in enum constructors
9:57:10 PM PIT >> INFO : +FFBLOCK        Filters mutations in code duplicated by finally block inlining
9:57:10 PM PIT >> INFO : +FFEACH         Filters mutations in compiler generated code that implements for each loops
9:57:10 PM PIT >> INFO : +FFLOOP         Filters any mutations to increments in for loops as they may cause timeouts
9:57:10 PM PIT >> INFO : +FINFINC        Filters mutations to increments that may cause infinite loops
9:57:10 PM PIT >> INFO : +FINFIT         Filters mutations that may cause infinite loops by removing calls to iterator.next
9:57:10 PM PIT >> INFO : +FINULL         Filters mutations in compiler generated code that checks for null by calling getClass
9:57:10 PM PIT >> INFO : +FKOTLIN        Filters out junk mutations in bytecode created by compiler for kotlin language features
9:57:10 PM PIT >> INFO : +FLOGCALL       Filters mutations in code that makes calls to logging frameworks
9:57:10 PM PIT >> INFO : +FMRNULL        Filters mutations in compiler generated code that inserts Objects.requireNonNull for method references
9:57:10 PM PIT >> INFO : +FRECORD        Filters mutations in compiler generated record code
9:57:10 PM PIT >> INFO : +FRETEQUIV      Filters return vals mutants with bytecode equivalent to the unmutated class
9:57:10 PM PIT >> INFO : +FSEQUIVEQUALS  Filters equivalent mutations that affect only performance in short cutting equals methods
9:57:10 PM PIT >> INFO : +FSTATI         Filters mutations in static initializers and code called only from them
9:57:10 PM PIT >> INFO : +FTRYWR         Filters mutations in code generated for try with resources statements
9:57:10 PM PIT >> INFO : -CLASSLIMIT     Limits the maximum number of mutations per class
9:57:10 PM PIT >> INFO :   [limit]         Integer value for maximum mutations to create per class
9:57:10 PM PIT >> INFO : -EXPORT         Exports mutants bytecode and other details to disk
9:57:10 PM PIT >> INFO : ---------------------------------------------------------------------------
9:57:14 PM PIT >> FINE : Running report with ReportOptions [targetClasses=[org.joda.time.tz.*, org.joda.time.*, org.joda.time.base.*, org.joda.time.format.*, org.joda.time.convert.*, tutorial.*, org.joda.time.chrono.*, org.joda.time.field.*], excludedMethods=[], excludedClasses=[tutorial*], excludedTestClasses=[^tutorial.*$], codePaths=[/bitnami/jenkins/home/workspace/CICD_pipeline/target/classes], reportDir=/bitnami/jenkins/home/workspace/CICD_pipeline/target/pit-reports, historyInputLocation=null, historyOutputLocation=null, sourceDirs=[/bitnami/jenkins/home/workspace/CICD_pipeline/src/main/java, /bitnami/jenkins/home/workspace/CICD_pipeline/target/generated-sources/annotations, /bitnami/jenkins/home/workspace/CICD_pipeline/src/test/java, /bitnami/jenkins/home/workspace/CICD_pipeline/target/generated-test-sources/test-annotations], classPathElements=[/bitnami/jenkins/home/workspace/CICD_pipeline/target/test-classes, /bitnami/jenkins/home/workspace/CICD_pipeline/target/classes, /bitnami/jenkins/home/.m2/repository/org/joda/joda-convert/1.2/joda-convert-1.2.jar, /bitnami/jenkins/home/.m2/repository/junit/junit/4.12/junit-4.12.jar, /bitnami/jenkins/home/.m2/repository/org/hamcrest/hamcrest-core/1.3/hamcrest-core-1.3.jar, /bitnami/jenkins/home/.m2/repository/org/pitest/pitest-junit5-plugin/0.15/pitest-junit5-plugin-0.15.jar, /bitnami/jenkins/home/.m2/repository/org/pitest/pitest/1.7.3/pitest-1.7.3.jar], mutators=[], features=[], dependencyAnalysisMaxDistance=-1, jvmArgs=[-Djava.awt.headless=true], numberOfThreads=8, timeoutFactor=1.25, timeoutConstant=3000, targetTests=[^org\.joda\.time\.tz\..*$, ^org\.joda\.time\..*$, ^org\.joda\.time\.chrono\.gj\..*$, ^org\.joda\.time\.format\..*$, ^org\.joda\.time\.convert\..*$, ^org\.joda\.time\.chrono\..*$, ^org\.joda\.time\.field\..*$], loggingClasses=[], verbosity=VERBOSE, failWhenNoMutations=true, outputs=[HTML, XML], groupConfig=TestGroupConfig [excludedGroups=[], includedGroups=[]], fullMutationMatrix=false, mutationUnitSize=1, shouldCreateTimestampedReports=true, detectInlinedCode=true, exportLineCoverage=false, mutationThreshold=0, testStrengthThreshold=0, coverageThreshold=0, mutationEngine=gregor, javaExecutable=null, includeLaunchClasspath=true, properties={}, maxSurvivors=0, excludedRunners=[], includedTestMethods=[], testPlugin=, useClasspathJar=false, skipFailingTests=false]
9:57:14 PM PIT >> FINE : System class path is /opt/apache-maven-3.8.8/boot/plexus-classworlds-2.6.0.jar
9:57:14 PM PIT >> FINE : Maximum available memory is 6388 mb
9:57:25 PM PIT >> FINE : Could not find java/lang/Object on classpath for analysis. Falling back to classloader
9:57:25 PM PIT >> FINE : Could not find java/lang/IllegalArgumentException on classpath for analysis. Falling back to classloader
9:57:25 PM PIT >> FINE : Could not find java/util/ArrayList on classpath for analysis. Falling back to classloader
9:57:25 PM PIT >> FINE : Could not find java/lang/RuntimeException on classpath for analysis. Falling back to classloader
9:57:25 PM PIT >> FINE : Could not find java/lang/Exception on classpath for analysis. Falling back to classloader
9:57:25 PM PIT >> FINE : Could not find java/lang/Throwable on classpath for analysis. Falling back to classloader
9:57:25 PM PIT >> FINE : Could not find java/util/AbstractList on classpath for analysis. Falling back to classloader
9:57:25 PM PIT >> FINE : Could not find java/util/AbstractCollection on classpath for analysis. Falling back to classloader
9:57:28 PM PIT >> FINE : Could not find java/lang/Object on classpath for analysis. Falling back to classloader
9:57:28 PM PIT >> FINE : Could not find java/util/concurrent/ConcurrentHashMap on classpath for analysis. Falling back to classloader
9:57:28 PM PIT >> FINE : Could not find java/util/Map on classpath for analysis. Falling back to classloader
9:57:28 PM PIT >> FINE : Could not find java/util/AbstractMap on classpath for analysis. Falling back to classloader
9:57:28 PM PIT >> FINE : Could not find java/io/FileInputStream on classpath for analysis. Falling back to classloader
9:57:28 PM PIT >> FINE : Could not find java/io/InputStream on classpath for analysis. Falling back to classloader
9:57:28 PM PIT >> FINE : Could not find java/lang/RuntimeException on classpath for analysis. Falling back to classloader
9:57:28 PM PIT >> FINE : Could not find java/lang/String on classpath for analysis. Falling back to classloader
9:57:28 PM PIT >> FINE : Could not find java/lang/Exception on classpath for analysis. Falling back to classloader
9:57:28 PM PIT >> FINE : Could not find java/lang/Throwable on classpath for analysis. Falling back to classloader
9:57:28 PM PIT >> FINE : Could not find java/lang/IllegalArgumentException on classpath for analysis. Falling back to classloader
9:57:28 PM PIT >> FINE : Could not find java/lang/SecurityException on classpath for analysis. Falling back to classloader
9:57:29 PM PIT >> FINE : Incremental analysis set 10081 mutations to a status of NOT_STARTED
9:57:29 PM PIT >> INFO : Incremental analysis reduced number of mutations by 0
9:57:29 PM PIT >> INFO : Created  10081 mutation test units in pre scan
9:57:31 PM PIT >> FINE : MINION : Installing PIT agent
9:57:31 PM PIT >> INFO : Sending 470 test classes to minion
9:57:31 PM PIT >> INFO : Sent tests to minion
9:57:31 PM PIT >> INFO : MINION : 9:57:31 PM PIT >> FINE : Expecting 470 tests classes from parent
9:57:31 PM PIT >> INFO : MINION : 9:57:31 PM PIT >> FINE : Tests classes received
9:57:32 PM PIT >> FINE : MINION : org.junit.platform.commons.PreconditionViolationException: Cannot create Launcher without at least one TestEngine; consider adding an engine implementation JAR to the classpath
9:57:32 PM PIT >> FINE : MINION : 	at org.junit.platform.commons.util.Preconditions.condition(Preconditions.java:296)
9:57:32 PM PIT >> FINE : MINION : 	at org.junit.platform.launcher.core.DefaultLauncher.<init>(DefaultLauncher.java:55)
9:57:32 PM PIT >> FINE : MINION : 	at org.junit.platform.launcher.core.LauncherFactory.createDefaultLauncher(LauncherFactory.java:134)
9:57:32 PM PIT >> FINE : MINION : 	at org.junit.platform.launcher.core.LauncherFactory.create(LauncherFactory.java:125)
9:57:32 PM PIT >> FINE : MINION : 	at org.junit.platform.launcher.core.LauncherFactory.create(LauncherFactory.java:109)
9:57:32 PM PIT >> FINE : MINION : 	at org.pitest.junit5.JUnit5TestUnitFinder.<init>(JUnit5TestUnitFinder.java:54)
9:57:32 PM PIT >> FINE : MINION : 	at org.pitest.junit5.JUnit5Configuration.testUnitFinder(JUnit5Configuration.java:43)
9:57:32 PM PIT >> FINE : MINION : 	at java.base/java.util.stream.ReferencePipeline$3$1.accept(ReferencePipeline.java:197)
9:57:32 PM PIT >> FINE : MINION : 	at java.base/java.util.ArrayList$ArrayListSpliterator.forEachRemaining(ArrayList.java:1625)
9:57:32 PM PIT >> FINE : MINION : 	at java.base/java.util.stream.AbstractPipeline.copyInto(AbstractPipeline.java:509)
9:57:32 PM PIT >> FINE : MINION : 	at java.base/java.util.stream.AbstractPipeline.wrapAndCopyInto(AbstractPipeline.java:499)
9:57:32 PM PIT >> FINE : MINION : 	at java.base/java.util.stream.ReduceOps$ReduceOp.evaluateSequential(ReduceOps.java:921)
9:57:32 PM PIT >> FINE : MINION : 	at java.base/java.util.stream.AbstractPipeline.evaluate(AbstractPipeline.java:234)
9:57:32 PM PIT >> FINE : MINION : 	at java.base/java.util.stream.ReferencePipeline.collect(ReferencePipeline.java:682)
9:57:32 PM PIT >> FINE : MINION : 	at org.pitest.mutationtest.config.PrioritisingTestConfiguration.makeFinder(PrioritisingTestConfiguration.java:61)
9:57:32 PM PIT >> FINE : MINION : 	at org.pitest.mutationtest.config.PrioritisingTestConfiguration.<init>(PrioritisingTestConfiguration.java:20)
9:57:32 PM PIT >> FINE : MINION : 	at org.pitest.mutationtest.config.MinionSettings.getTestFrameworkPlugin(MinionSettings.java:38)
9:57:32 PM PIT >> FINE : MINION : 	at org.pitest.coverage.execute.CoverageMinion.createTestPlugin(CoverageMinion.java:168)
9:57:32 PM PIT >> FINE : MINION : 	at org.pitest.coverage.execute.CoverageMinion.getTestsFromParent(CoverageMinion.java:132)
9:57:32 PM PIT >> FINE : MINION : 	at org.pitest.coverage.execute.CoverageMinion.main(CoverageMinion.java:82)
9:57:32 PM PIT >> INFO : MINION : 9:57:32 PM PIT >> SEVERE : Error calculating coverage. Process will exit.
9:57:32 PM PIT >> INFO : MINION : org.junit.platform.commons.PreconditionViolationException: Cannot create Launcher without at least one TestEngine; consider adding an engine implementation JAR to the classpath
9:57:32 PM PIT >> INFO : MINION : 	at org.junit.platform.commons.util.Preconditions.condition(Preconditions.java:296)
9:57:32 PM PIT >> INFO : MINION : 	at org.junit.platform.launcher.core.DefaultLauncher.<init>(DefaultLauncher.java:55)
9:57:32 PM PIT >> INFO : MINION : 	at org.junit.platform.launcher.core.LauncherFactory.createDefaultLauncher(LauncherFactory.java:134)
9:57:32 PM PIT >> INFO : MINION : 	at org.junit.platform.launcher.core.LauncherFactory.create(LauncherFactory.java:125)
9:57:32 PM PIT >> INFO : MINION : 	at org.junit.platform.launcher.core.LauncherFactory.create(LauncherFactory.java:109)
9:57:32 PM PIT >> INFO : MINION : 	at org.pitest.junit5.JUnit5TestUnitFinder.<init>(JUnit5TestUnitFinder.java:54)
9:57:32 PM PIT >> INFO : MINION : 	at org.pitest.junit5.JUnit5Configuration.testUnitFinder(JUnit5Configuration.java:43)
9:57:32 PM PIT >> INFO : MINION : 	at java.base/java.util.stream.ReferencePipeline$3$1.accept(ReferencePipeline.java:197)
9:57:32 PM PIT >> INFO : MINION : 	at java.base/java.util.ArrayList$ArrayListSpliterator.forEachRemaining(ArrayList.java:1625)
9:57:32 PM PIT >> INFO : MINION : 	at java.base/java.util.stream.AbstractPipeline.copyInto(AbstractPipeline.java:509)
9:57:32 PM PIT >> INFO : MINION : 	at java.base/java.util.stream.AbstractPipeline.wrapAndCopyInto(AbstractPipeline.java:499)
9:57:32 PM PIT >> INFO : MINION : 	at java.base/java.util.stream.ReduceOps$ReduceOp.evaluateSequential(ReduceOps.java:921)
9:57:32 PM PIT >> INFO : MINION : 	at java.base/java.util.stream.AbstractPipeline.evaluate(AbstractPipeline.java:234)
9:57:32 PM PIT >> INFO : MINION : 	at java.base/java.util.stream.ReferencePipeline.collect(ReferencePipeline.java:682)
9:57:32 PM PIT >> INFO : MINION : 	at org.pitest.mutationtest.config.PrioritisingTestConfiguration.makeFinder(PrioritisingTestConfiguration.java:61)
9:57:32 PM PIT >> INFO : MINION : 	at org.pitest.mutationtest.config.PrioritisingTestConfiguration.<init>(PrioritisingTestConfiguration.java:20)
9:57:32 PM PIT >> INFO : MINION : 	at org.pitest.mutationtest.config.MinionSettings.getTestFrameworkPlugin(MinionSettings.java:38)
9:57:32 PM PIT >> INFO : MINION : 	at org.pitest.coverage.execute.CoverageMinion.createTestPlugin(CoverageMinion.java:168)
9:57:32 PM PIT >> INFO : MINION : 	at org.pitest.coverage.execute.CoverageMinion.getTestsFromParent(CoverageMinion.java:132)
9:57:32 PM PIT >> INFO : MINION : 	at org.pitest.coverage.execute.CoverageMinion.main(CoverageMinion.java:82)
9:57:32 PM PIT >> SEVERE : Coverage generator Minion exited abnormally due to UNKNOWN_ERROR
[INFO] ------------------------------------------------------------------------
[INFO] BUILD FAILURE
[INFO] ------------------------------------------------------------------------
[INFO] Total time:  04:10 min
[INFO] Finished at: 2024-07-25T21:57:32Z
[INFO] ------------------------------------------------------------------------
[8mha:////4OUj+466QHoq26fliJoYJ2OOQmng4ARKr0q0g1CwmltuAAAAYB+LCAAAAAAAAP9b85aBtbiIQSmjNKU4P0+vJLE4u1gvPjexLDVPzxdEuhYV5Rf55Zek1m9pfpLfVWLNxMBQUcQgBdWQnJ9XnJ+TqucMoUEKGSCAEaSwAABqVhoSYAAAAA==[0m[ERROR] Failed to execute goal org.pitest:pitest-maven:1.7.3:mutationCoverage (default-cli) on project joda-time: Execution default-cli of goal org.pitest:pitest-maven:1.7.3:mutationCoverage failed: Coverage generation minion exited abnormally!
[8mha:////4OUj+466QHoq26fliJoYJ2OOQmng4ARKr0q0g1CwmltuAAAAYB+LCAAAAAAAAP9b85aBtbiIQSmjNKU4P0+vJLE4u1gvPjexLDVPzxdEuhYV5Rf55Zek1m9pfpLfVWLNxMBQUcQgBdWQnJ9XnJ+TqucMoUEKGSCAEaSwAABqVhoSYAAAAA==[0m[ERROR] 
[8mha:////4OUj+466QHoq26fliJoYJ2OOQmng4ARKr0q0g1CwmltuAAAAYB+LCAAAAAAAAP9b85aBtbiIQSmjNKU4P0+vJLE4u1gvPjexLDVPzxdEuhYV5Rf55Zek1m9pfpLfVWLNxMBQUcQgBdWQnJ9XnJ+TqucMoUEKGSCAEaSwAABqVhoSYAAAAA==[0m[ERROR] Please copy and paste the information and the complete stacktrace below when reporting an issue
[8mha:////4OUj+466QHoq26fliJoYJ2OOQmng4ARKr0q0g1CwmltuAAAAYB+LCAAAAAAAAP9b85aBtbiIQSmjNKU4P0+vJLE4u1gvPjexLDVPzxdEuhYV5Rf55Zek1m9pfpLfVWLNxMBQUcQgBdWQnJ9XnJ+TqucMoUEKGSCAEaSwAABqVhoSYAAAAA==[0m[ERROR] VM : OpenJDK 64-Bit Server VM
[8mha:////4OUj+466QHoq26fliJoYJ2OOQmng4ARKr0q0g1CwmltuAAAAYB+LCAAAAAAAAP9b85aBtbiIQSmjNKU4P0+vJLE4u1gvPjexLDVPzxdEuhYV5Rf55Zek1m9pfpLfVWLNxMBQUcQgBdWQnJ9XnJ+TqucMoUEKGSCAEaSwAABqVhoSYAAAAA==[0m[ERROR] Vendor : BellSoft
[8mha:////4OUj+466QHoq26fliJoYJ2OOQmng4ARKr0q0g1CwmltuAAAAYB+LCAAAAAAAAP9b85aBtbiIQSmjNKU4P0+vJLE4u1gvPjexLDVPzxdEuhYV5Rf55Zek1m9pfpLfVWLNxMBQUcQgBdWQnJ9XnJ+TqucMoUEKGSCAEaSwAABqVhoSYAAAAA==[0m[ERROR] Version : 17.0.12+10-LTS
[8mha:////4OUj+466QHoq26fliJoYJ2OOQmng4ARKr0q0g1CwmltuAAAAYB+LCAAAAAAAAP9b85aBtbiIQSmjNKU4P0+vJLE4u1gvPjexLDVPzxdEuhYV5Rf55Zek1m9pfpLfVWLNxMBQUcQgBdWQnJ9XnJ+TqucMoUEKGSCAEaSwAABqVhoSYAAAAA==[0m[ERROR] Uptime : 252028
[8mha:////4OUj+466QHoq26fliJoYJ2OOQmng4ARKr0q0g1CwmltuAAAAYB+LCAAAAAAAAP9b85aBtbiIQSmjNKU4P0+vJLE4u1gvPjexLDVPzxdEuhYV5Rf55Zek1m9pfpLfVWLNxMBQUcQgBdWQnJ9XnJ+TqucMoUEKGSCAEaSwAABqVhoSYAAAAA==[0m[ERROR] Input -> 
[8mha:////4OUj+466QHoq26fliJoYJ2OOQmng4ARKr0q0g1CwmltuAAAAYB+LCAAAAAAAAP9b85aBtbiIQSmjNKU4P0+vJLE4u1gvPjexLDVPzxdEuhYV5Rf55Zek1m9pfpLfVWLNxMBQUcQgBdWQnJ9XnJ+TqucMoUEKGSCAEaSwAABqVhoSYAAAAA==[0m[ERROR]  1 : -Dclassworlds.conf=/opt/apache-maven-3.8.8/bin/m2.conf
[8mha:////4OUj+466QHoq26fliJoYJ2OOQmng4ARKr0q0g1CwmltuAAAAYB+LCAAAAAAAAP9b85aBtbiIQSmjNKU4P0+vJLE4u1gvPjexLDVPzxdEuhYV5Rf55Zek1m9pfpLfVWLNxMBQUcQgBdWQnJ9XnJ+TqucMoUEKGSCAEaSwAABqVhoSYAAAAA==[0m[ERROR]  2 : -Dmaven.home=/opt/apache-maven-3.8.8
[8mha:////4OUj+466QHoq26fliJoYJ2OOQmng4ARKr0q0g1CwmltuAAAAYB+LCAAAAAAAAP9b85aBtbiIQSmjNKU4P0+vJLE4u1gvPjexLDVPzxdEuhYV5Rf55Zek1m9pfpLfVWLNxMBQUcQgBdWQnJ9XnJ+TqucMoUEKGSCAEaSwAABqVhoSYAAAAA==[0m[ERROR]  3 : -Dlibrary.jansi.path=/opt/apache-maven-3.8.8/lib/jansi-native
[8mha:////4OUj+466QHoq26fliJoYJ2OOQmng4ARKr0q0g1CwmltuAAAAYB+LCAAAAAAAAP9b85aBtbiIQSmjNKU4P0+vJLE4u1gvPjexLDVPzxdEuhYV5Rf55Zek1m9pfpLfVWLNxMBQUcQgBdWQnJ9XnJ+TqucMoUEKGSCAEaSwAABqVhoSYAAAAA==[0m[ERROR]  4 : -Dmaven.multiModuleProjectDirectory=/bitnami/jenkins/home/workspace/CICD_pipeline
[8mha:////4OUj+466QHoq26fliJoYJ2OOQmng4ARKr0q0g1CwmltuAAAAYB+LCAAAAAAAAP9b85aBtbiIQSmjNKU4P0+vJLE4u1gvPjexLDVPzxdEuhYV5Rf55Zek1m9pfpLfVWLNxMBQUcQgBdWQnJ9XnJ+TqucMoUEKGSCAEaSwAABqVhoSYAAAAA==[0m[ERROR] BootClassPathSupported : false
[8mha:////4OUj+466QHoq26fliJoYJ2OOQmng4ARKr0q0g1CwmltuAAAAYB+LCAAAAAAAAP9b85aBtbiIQSmjNKU4P0+vJLE4u1gvPjexLDVPzxdEuhYV5Rf55Zek1m9pfpLfVWLNxMBQUcQgBdWQnJ9XnJ+TqucMoUEKGSCAEaSwAABqVhoSYAAAAA==[0m[ERROR] 
[8mha:////4OUj+466QHoq26fliJoYJ2OOQmng4ARKr0q0g1CwmltuAAAAYB+LCAAAAAAAAP9b85aBtbiIQSmjNKU4P0+vJLE4u1gvPjexLDVPzxdEuhYV5Rf55Zek1m9pfpLfVWLNxMBQUcQgBdWQnJ9XnJ+TqucMoUEKGSCAEaSwAABqVhoSYAAAAA==[0m[ERROR] 
[8mha:////4OUj+466QHoq26fliJoYJ2OOQmng4ARKr0q0g1CwmltuAAAAYB+LCAAAAAAAAP9b85aBtbiIQSmjNKU4P0+vJLE4u1gvPjexLDVPzxdEuhYV5Rf55Zek1m9pfpLfVWLNxMBQUcQgBdWQnJ9XnJ+TqucMoUEKGSCAEaSwAABqVhoSYAAAAA==[0m[ERROR] Please copy and paste the information and the complete stacktrace below when reporting an issue
[8mha:////4OUj+466QHoq26fliJoYJ2OOQmng4ARKr0q0g1CwmltuAAAAYB+LCAAAAAAAAP9b85aBtbiIQSmjNKU4P0+vJLE4u1gvPjexLDVPzxdEuhYV5Rf55Zek1m9pfpLfVWLNxMBQUcQgBdWQnJ9XnJ+TqucMoUEKGSCAEaSwAABqVhoSYAAAAA==[0m[ERROR] VM : OpenJDK 64-Bit Server VM
[8mha:////4OUj+466QHoq26fliJoYJ2OOQmng4ARKr0q0g1CwmltuAAAAYB+LCAAAAAAAAP9b85aBtbiIQSmjNKU4P0+vJLE4u1gvPjexLDVPzxdEuhYV5Rf55Zek1m9pfpLfVWLNxMBQUcQgBdWQnJ9XnJ+TqucMoUEKGSCAEaSwAABqVhoSYAAAAA==[0m[ERROR] Vendor : BellSoft
[8mha:////4OUj+466QHoq26fliJoYJ2OOQmng4ARKr0q0g1CwmltuAAAAYB+LCAAAAAAAAP9b85aBtbiIQSmjNKU4P0+vJLE4u1gvPjexLDVPzxdEuhYV5Rf55Zek1m9pfpLfVWLNxMBQUcQgBdWQnJ9XnJ+TqucMoUEKGSCAEaSwAABqVhoSYAAAAA==[0m[ERROR] Version : 17.0.12+10-LTS
[8mha:////4OUj+466QHoq26fliJoYJ2OOQmng4ARKr0q0g1CwmltuAAAAYB+LCAAAAAAAAP9b85aBtbiIQSmjNKU4P0+vJLE4u1gvPjexLDVPzxdEuhYV5Rf55Zek1m9pfpLfVWLNxMBQUcQgBdWQnJ9XnJ+TqucMoUEKGSCAEaSwAABqVhoSYAAAAA==[0m[ERROR] Uptime : 252030
[8mha:////4OUj+466QHoq26fliJoYJ2OOQmng4ARKr0q0g1CwmltuAAAAYB+LCAAAAAAAAP9b85aBtbiIQSmjNKU4P0+vJLE4u1gvPjexLDVPzxdEuhYV5Rf55Zek1m9pfpLfVWLNxMBQUcQgBdWQnJ9XnJ+TqucMoUEKGSCAEaSwAABqVhoSYAAAAA==[0m[ERROR] Input -> 
[8mha:////4OUj+466QHoq26fliJoYJ2OOQmng4ARKr0q0g1CwmltuAAAAYB+LCAAAAAAAAP9b85aBtbiIQSmjNKU4P0+vJLE4u1gvPjexLDVPzxdEuhYV5Rf55Zek1m9pfpLfVWLNxMBQUcQgBdWQnJ9XnJ+TqucMoUEKGSCAEaSwAABqVhoSYAAAAA==[0m[ERROR]  1 : -Dclassworlds.conf=/opt/apache-maven-3.8.8/bin/m2.conf
[8mha:////4OUj+466QHoq26fliJoYJ2OOQmng4ARKr0q0g1CwmltuAAAAYB+LCAAAAAAAAP9b85aBtbiIQSmjNKU4P0+vJLE4u1gvPjexLDVPzxdEuhYV5Rf55Zek1m9pfpLfVWLNxMBQUcQgBdWQnJ9XnJ+TqucMoUEKGSCAEaSwAABqVhoSYAAAAA==[0m[ERROR]  2 : -Dmaven.home=/opt/apache-maven-3.8.8
[8mha:////4OUj+466QHoq26fliJoYJ2OOQmng4ARKr0q0g1CwmltuAAAAYB+LCAAAAAAAAP9b85aBtbiIQSmjNKU4P0+vJLE4u1gvPjexLDVPzxdEuhYV5Rf55Zek1m9pfpLfVWLNxMBQUcQgBdWQnJ9XnJ+TqucMoUEKGSCAEaSwAABqVhoSYAAAAA==[0m[ERROR]  3 : -Dlibrary.jansi.path=/opt/apache-maven-3.8.8/lib/jansi-native
[8mha:////4OUj+466QHoq26fliJoYJ2OOQmng4ARKr0q0g1CwmltuAAAAYB+LCAAAAAAAAP9b85aBtbiIQSmjNKU4P0+vJLE4u1gvPjexLDVPzxdEuhYV5Rf55Zek1m9pfpLfVWLNxMBQUcQgBdWQnJ9XnJ+TqucMoUEKGSCAEaSwAABqVhoSYAAAAA==[0m[ERROR]  4 : -Dmaven.multiModuleProjectDirectory=/bitnami/jenkins/home/workspace/CICD_pipeline
[8mha:////4OUj+466QHoq26fliJoYJ2OOQmng4ARKr0q0g1CwmltuAAAAYB+LCAAAAAAAAP9b85aBtbiIQSmjNKU4P0+vJLE4u1gvPjexLDVPzxdEuhYV5Rf55Zek1m9pfpLfVWLNxMBQUcQgBdWQnJ9XnJ+TqucMoUEKGSCAEaSwAABqVhoSYAAAAA==[0m[ERROR] BootClassPathSupported : false
[8mha:////4OUj+466QHoq26fliJoYJ2OOQmng4ARKr0q0g1CwmltuAAAAYB+LCAAAAAAAAP9b85aBtbiIQSmjNKU4P0+vJLE4u1gvPjexLDVPzxdEuhYV5Rf55Zek1m9pfpLfVWLNxMBQUcQgBdWQnJ9XnJ+TqucMoUEKGSCAEaSwAABqVhoSYAAAAA==[0m[ERROR] 
[8mha:////4OUj+466QHoq26fliJoYJ2OOQmng4ARKr0q0g1CwmltuAAAAYB+LCAAAAAAAAP9b85aBtbiIQSmjNKU4P0+vJLE4u1gvPjexLDVPzxdEuhYV5Rf55Zek1m9pfpLfVWLNxMBQUcQgBdWQnJ9XnJ+TqucMoUEKGSCAEaSwAABqVhoSYAAAAA==[0m[ERROR] -> [Help 1]
[8mha:////4OUj+466QHoq26fliJoYJ2OOQmng4ARKr0q0g1CwmltuAAAAYB+LCAAAAAAAAP9b85aBtbiIQSmjNKU4P0+vJLE4u1gvPjexLDVPzxdEuhYV5Rf55Zek1m9pfpLfVWLNxMBQUcQgBdWQnJ9XnJ+TqucMoUEKGSCAEaSwAABqVhoSYAAAAA==[0m[ERROR] 
[8mha:////4OUj+466QHoq26fliJoYJ2OOQmng4ARKr0q0g1CwmltuAAAAYB+LCAAAAAAAAP9b85aBtbiIQSmjNKU4P0+vJLE4u1gvPjexLDVPzxdEuhYV5Rf55Zek1m9pfpLfVWLNxMBQUcQgBdWQnJ9XnJ+TqucMoUEKGSCAEaSwAABqVhoSYAAAAA==[0m[ERROR] To see the full stack trace of the errors, re-run Maven with the -e switch.
[8mha:////4OUj+466QHoq26fliJoYJ2OOQmng4ARKr0q0g1CwmltuAAAAYB+LCAAAAAAAAP9b85aBtbiIQSmjNKU4P0+vJLE4u1gvPjexLDVPzxdEuhYV5Rf55Zek1m9pfpLfVWLNxMBQUcQgBdWQnJ9XnJ+TqucMoUEKGSCAEaSwAABqVhoSYAAAAA==[0m[ERROR] Re-run Maven using the -X switch to enable full debug logging.
[8mha:////4OUj+466QHoq26fliJoYJ2OOQmng4ARKr0q0g1CwmltuAAAAYB+LCAAAAAAAAP9b85aBtbiIQSmjNKU4P0+vJLE4u1gvPjexLDVPzxdEuhYV5Rf55Zek1m9pfpLfVWLNxMBQUcQgBdWQnJ9XnJ+TqucMoUEKGSCAEaSwAABqVhoSYAAAAA==[0m[ERROR] 
[8mha:////4OUj+466QHoq26fliJoYJ2OOQmng4ARKr0q0g1CwmltuAAAAYB+LCAAAAAAAAP9b85aBtbiIQSmjNKU4P0+vJLE4u1gvPjexLDVPzxdEuhYV5Rf55Zek1m9pfpLfVWLNxMBQUcQgBdWQnJ9XnJ+TqucMoUEKGSCAEaSwAABqVhoSYAAAAA==[0m[ERROR] For more information about the errors and possible solutions, please read the following articles:
[8mha:////4OUj+466QHoq26fliJoYJ2OOQmng4ARKr0q0g1CwmltuAAAAYB+LCAAAAAAAAP9b85aBtbiIQSmjNKU4P0+vJLE4u1gvPjexLDVPzxdEuhYV5Rf55Zek1m9pfpLfVWLNxMBQUcQgBdWQnJ9XnJ+TqucMoUEKGSCAEaSwAABqVhoSYAAAAA==[0m[ERROR] [Help 1] http://cwiki.apache.org/confluence/display/MAVEN/PluginExecutionException
Build step 'Invoke top-level Maven targets' marked build as failure
Archiving artifacts
Recording test results
[Checks API] No suitable checks publisher found.
Publishing Clover coverage report...
No Clover report will be published due to a build Failure
Looking for PIT reports in /bitnami/jenkins/home/workspace/CICD_pipeline
ERROR: Step ?Record Pit mutation testing report? aborted due to exception: 
java.io.IOException: No reports found at location:target/pit-reports/**/mutations.xml
	at org.jenkinsci.plugins.pitmutation.PitPublisher$ParseReportCallable.invoke(PitPublisher.java:366)
	at org.jenkinsci.plugins.pitmutation.PitPublisher$ParseReportCallable.invoke(PitPublisher.java:347)
	at hudson.FilePath.act(FilePath.java:1232)
	at hudson.FilePath.act(FilePath.java:1215)
	at org.jenkinsci.plugins.pitmutation.PitPublisher.perform(PitPublisher.java:118)
	at jenkins.tasks.SimpleBuildStep.perform(SimpleBuildStep.java:123)
	at hudson.tasks.BuildStepCompatibilityLayer.perform(BuildStepCompatibilityLayer.java:80)
	at hudson.tasks.BuildStepMonitor$3.perform(BuildStepMonitor.java:47)
	at hudson.model.AbstractBuild$AbstractBuildExecution.perform(AbstractBuild.java:818)
	at hudson.model.AbstractBuild$AbstractBuildExecution.performAllBuildSteps(AbstractBuild.java:767)
	at hudson.model.Build$BuildExecution.post2(Build.java:179)
	at hudson.model.AbstractBuild$AbstractBuildExecution.post(AbstractBuild.java:711)
	at hudson.model.Run.execute(Run.java:1917)
	at hudson.model.FreeStyleBuild.run(FreeStyleBuild.java:44)
	at hudson.model.ResourceController.execute(ResourceController.java:101)
	at hudson.model.Executor.run(Executor.java:442)
Finished: FAILURE
